#
# There is insufficient memory for the Java Runtime Environment to continue.
# Native memory allocation (malloc) failed to allocate 2448 bytes for AllocateHeap
# Possible reasons:
#   The system is out of physical RAM or swap space
#   In 32 bit mode, the process size limit was hit
# Possible solutions:
#   Reduce memory load on the system
#   Increase physical memory or swap space
#   Check if swap backing store is full
#   Use 64 bit Java on a 64 bit OS
#   Decrease Java heap size (-Xmx/-Xms)
#   Decrease number of Java threads
#   Decrease Java thread stack sizes (-Xss)
#   Set larger code cache with -XX:ReservedCodeCacheSize=
# This output file may be truncated or incomplete.
#
#  Out of Memory Error (memory/allocation.inline.hpp:61), pid=11396, tid=0x00000000000007ec
#
# JRE version: Java(TM) SE Runtime Environment (8.0_111-b14) (build 1.8.0_111-b14)
# Java VM: Java HotSpot(TM) 64-Bit Server VM (25.111-b14 mixed mode windows-amd64 compressed oops)
# Failed to write core dump. Minidumps are not enabled by default on client versions of Windows
#

---------------  T H R E A D  ---------------

Current thread (0x000000001716c800):  JavaThread "C1 CompilerThread1" daemon [_thread_in_vm, id=2028, stack(0x0000000018390000,0x0000000018490000)]

Stack: [0x0000000018390000,0x0000000018490000]
[error occurred during error reporting (printing stack bounds), id 0xc0000005]

Native frames: (J=compiled Java code, j=interpreted, Vv=VM code, C=native code)


Current CompileTask:
C1:   6761 1841       3       sun.font.FontDesignMetrics::charsWidth (201 bytes)


---------------  P R O C E S S  ---------------

Java Threads: ( => current thread )
  0x00000000186e8000 JavaThread "D3D Screen Updater" daemon [_thread_blocked, id=11380, stack(0x000000001e5b0000,0x000000001e6b0000)]
  0x000000001b8c4800 JavaThread "Timer-0" daemon [_thread_blocked, id=10344, stack(0x000000001c610000,0x000000001c710000)]
  0x000000001b59e000 JavaThread "TimerQueue" daemon [_thread_blocked, id=4756, stack(0x000000001bed0000,0x000000001bfd0000)]
  0x0000000004bc0800 JavaThread "DestroyJavaVM" [_thread_blocked, id=8152, stack(0x00000000032e0000,0x00000000033e0000)]
  0x0000000018a63800 JavaThread "AWT-EventQueue-0" [_thread_blocked, id=11840, stack(0x0000000018ed0000,0x0000000018fd0000)]
  0x0000000018a06800 JavaThread "AWT-Windows" daemon [_thread_in_native, id=1916, stack(0x0000000018dd0000,0x0000000018ed0000)]
  0x00000000189af800 JavaThread "AWT-Shutdown" [_thread_blocked, id=3452, stack(0x0000000018cd0000,0x0000000018dd0000)]
  0x00000000189ae800 JavaThread "Java2D Disposer" daemon [_thread_blocked, id=6872, stack(0x0000000018bd0000,0x0000000018cd0000)]
  0x00000000171c5000 JavaThread "Service Thread" daemon [_thread_blocked, id=7208, stack(0x0000000018490000,0x0000000018590000)]
=>0x000000001716c800 JavaThread "C1 CompilerThread1" daemon [_thread_in_vm, id=2028, stack(0x0000000018390000,0x0000000018490000)]
  0x000000001716a800 JavaThread "C2 CompilerThread0" daemon [_thread_blocked, id=12940, stack(0x0000000018290000,0x0000000018390000)]
  0x0000000017169000 JavaThread "Attach Listener" daemon [_thread_blocked, id=4640, stack(0x0000000018190000,0x0000000018290000)]
  0x0000000017166000 JavaThread "Signal Dispatcher" daemon [_thread_blocked, id=11032, stack(0x0000000018090000,0x0000000018190000)]
  0x0000000017158800 JavaThread "Finalizer" daemon [_thread_blocked, id=12868, stack(0x0000000017da0000,0x0000000017ea0000)]
  0x0000000004cac800 JavaThread "Reference Handler" daemon [_thread_blocked, id=8604, stack(0x0000000017ca0000,0x0000000017da0000)]

Other Threads:
  0x0000000017136000 VMThread [stack: 0x0000000017ba0000,0x0000000017ca0000] [id=3744]
  0x00000000171cb800 WatcherThread [stack: 0x0000000018590000,0x0000000018690000] [id=1072]

VM state:not at safepoint (normal execution)

VM Mutex/Monitor currently owned by a thread:  ([mutex/lock_event])
[0x00000000031bb930] CodeCache_lock - owner thread: 0x000000001716c800
[0x00000000031bcf90] Compile_lock - owner thread: 0x000000001716c800
[0x00000000031bd810] MethodCompileQueue_lock - owner thread: 0x000000001716c800

Heap:
 PSYoungGen      total 18944K, used 3149K [0x00000000eb200000, 0x00000000ed700000, 0x0000000100000000)
  eden space 16384K, 19% used [0x00000000eb200000,0x00000000eb513700,0x00000000ec200000)
  from space 2560K, 0% used [0x00000000ec200000,0x00000000ec200000,0x00000000ec480000)
  to   space 2560K, 0% used [0x00000000ed480000,0x00000000ed480000,0x00000000ed700000)
 ParOldGen       total 41984K, used 7858K [0x00000000c1600000, 0x00000000c3f00000, 0x00000000eb200000)
  object space 41984K, 18% used [0x00000000c1600000,0x00000000c1dacb70,0x00000000c3f00000)
 Metaspace       used 21453K, capacity 21620K, committed 21888K, reserved 1069056K
  class space    used 2498K, capacity 2572K, committed 2688K, reserved 1048576K

Card table byte_map: [0x0000000014170000,0x0000000014370000] byte_map_base: 0x0000000013b65000

Marking Bits: (ParMarkBitMap*) 0x0000000061f5a6c0
 Begin Bits: [0x00000000146c0000, 0x0000000015668000)
 End Bits:   [0x0000000015668000, 0x0000000016610000)

Polling page: 0x0000000003160000

CodeCache: size=245760Kb used=6188Kb max_used=6188Kb free=239571Kb
 bounds [0x0000000004db0000, 0x00000000053c0000, 0x0000000013db0000]
 total_blobs=2458 nmethods=1840 adapters=530
 compilation: enabled

Compilation events (10 events):
Event: 6.742 Thread 0x000000001716c800 1835       3       java.awt.Container::countComponents (10 bytes)
Event: 6.743 Thread 0x000000001716c800 nmethod 1835 0x00000000053b72d0 code [0x00000000053b7440, 0x00000000053b7668]
Event: 6.743 Thread 0x000000001716c800 1840       3       java.util.LinkedList$ListItr::<init> (47 bytes)
Event: 6.744 Thread 0x000000001716c800 nmethod 1840 0x00000000053bb650 code [0x00000000053bb7c0, 0x00000000053bba68]
Event: 6.744 Thread 0x000000001716c800 1838       1       java.awt.Component::getX (5 bytes)
Event: 6.744 Thread 0x000000001716c800 nmethod 1838 0x00000000053bbb90 code [0x00000000053bbce0, 0x00000000053bbdf0]
Event: 6.744 Thread 0x000000001716c800 1839       1       java.awt.Component::getY (5 bytes)
Event: 6.744 Thread 0x000000001716c800 nmethod 1839 0x00000000053bbe50 code [0x00000000053bbfa0, 0x00000000053bc0b0]
Event: 6.749 Thread 0x000000001716c800 1841       3       sun.font.FontDesignMetrics::charsWidth (201 bytes)
Event: 6.751 Thread 0x000000001716a800 1846       4       javax.swing.GroupLayout$Group::getSpringSize (62 bytes)

GC Heap History (8 events):
Event: 3.216 GC heap before
{Heap before GC invocations=1 (full 0):
 PSYoungGen      total 18944K, used 16384K [0x00000000eb200000, 0x00000000ec700000, 0x0000000100000000)
  eden space 16384K, 100% used [0x00000000eb200000,0x00000000ec200000,0x00000000ec200000)
  from space 2560K, 0% used [0x00000000ec480000,0x00000000ec480000,0x00000000ec700000)
  to   space 2560K, 0% used [0x00000000ec200000,0x00000000ec200000,0x00000000ec480000)
 ParOldGen       total 44032K, used 0K [0x00000000c1600000, 0x00000000c4100000, 0x00000000eb200000)
  object space 44032K, 0% used [0x00000000c1600000,0x00000000c1600000,0x00000000c4100000)
 Metaspace       used 16380K, capacity 16536K, committed 16768K, reserved 1064960K
  class space    used 2047K, capacity 2120K, committed 2176K, reserved 1048576K
Event: 3.238 GC heap after
Heap after GC invocations=1 (full 0):
 PSYoungGen      total 18944K, used 2528K [0x00000000eb200000, 0x00000000ec700000, 0x0000000100000000)
  eden space 16384K, 0% used [0x00000000eb200000,0x00000000eb200000,0x00000000ec200000)
  from space 2560K, 98% used [0x00000000ec200000,0x00000000ec478140,0x00000000ec480000)
  to   space 2560K, 0% used [0x00000000ec480000,0x00000000ec480000,0x00000000ec700000)
 ParOldGen       total 44032K, used 2623K [0x00000000c1600000, 0x00000000c4100000, 0x00000000eb200000)
  object space 44032K, 5% used [0x00000000c1600000,0x00000000c188fe88,0x00000000c4100000)
 Metaspace       used 16380K, capacity 16536K, committed 16768K, reserved 1064960K
  class space    used 2047K, capacity 2120K, committed 2176K, reserved 1048576K
}
Event: 4.932 GC heap before
{Heap before GC invocations=2 (full 0):
 PSYoungGen      total 18944K, used 18912K [0x00000000eb200000, 0x00000000ec700000, 0x0000000100000000)
  eden space 16384K, 100% used [0x00000000eb200000,0x00000000ec200000,0x00000000ec200000)
  from space 2560K, 98% used [0x00000000ec200000,0x00000000ec478140,0x00000000ec480000)
  to   space 2560K, 0% used [0x00000000ec480000,0x00000000ec480000,0x00000000ec700000)
 ParOldGen       total 44032K, used 2623K [0x00000000c1600000, 0x00000000c4100000, 0x00000000eb200000)
  object space 44032K, 5% used [0x00000000c1600000,0x00000000c188fe88,0x00000000c4100000)
 Metaspace       used 19656K, capacity 19838K, committed 20096K, reserved 1067008K
  class space    used 2274K, capacity 2345K, committed 2432K, reserved 1048576K
Event: 4.959 GC heap after
Heap after GC invocations=2 (full 0):
 PSYoungGen      total 18944K, used 2535K [0x00000000eb200000, 0x00000000ed700000, 0x0000000100000000)
  eden space 16384K, 0% used [0x00000000eb200000,0x00000000eb200000,0x00000000ec200000)
  from space 2560K, 99% used [0x00000000ec480000,0x00000000ec6f9f58,0x00000000ec700000)
  to   space 2560K, 0% used [0x00000000ec200000,0x00000000ec200000,0x00000000ec480000)
 ParOldGen       total 44032K, used 6936K [0x00000000c1600000, 0x00000000c4100000, 0x00000000eb200000)
  object space 44032K, 15% used [0x00000000c1600000,0x00000000c1cc6390,0x00000000c4100000)
 Metaspace       used 19656K, capacity 19838K, committed 20096K, reserved 1067008K
  class space    used 2274K, capacity 2345K, committed 2432K, reserved 1048576K
}
Event: 5.838 GC heap before
{Heap before GC invocations=3 (full 0):
 PSYoungGen      total 18944K, used 4926K [0x00000000eb200000, 0x00000000ed700000, 0x0000000100000000)
  eden space 16384K, 14% used [0x00000000eb200000,0x00000000eb455b70,0x00000000ec200000)
  from space 2560K, 99% used [0x00000000ec480000,0x00000000ec6f9f58,0x00000000ec700000)
  to   space 2560K, 0% used [0x00000000ec200000,0x00000000ec200000,0x00000000ec480000)
 ParOldGen       total 44032K, used 6936K [0x00000000c1600000, 0x00000000c4100000, 0x00000000eb200000)
  object space 44032K, 15% used [0x00000000c1600000,0x00000000c1cc6390,0x00000000c4100000)
 Metaspace       used 20876K, capacity 21002K, committed 21248K, reserved 1069056K
  class space    used 2413K, capacity 2475K, committed 2560K, reserved 1048576K
Event: 5.887 GC heap after
Heap after GC invocations=3 (full 0):
 PSYoungGen      total 18944K, used 2535K [0x00000000eb200000, 0x00000000ed700000, 0x0000000100000000)
  eden space 16384K, 0% used [0x00000000eb200000,0x00000000eb200000,0x00000000ec200000)
  from space 2560K, 99% used [0x00000000ec200000,0x00000000ec479f58,0x00000000ec480000)
  to   space 2560K, 0% used [0x00000000ed480000,0x00000000ed480000,0x00000000ed700000)
 ParOldGen       total 44032K, used 7343K [0x00000000c1600000, 0x00000000c4100000, 0x00000000eb200000)
  object space 44032K, 16% used [0x00000000c1600000,0x00000000c1d2bda0,0x00000000c4100000)
 Metaspace       used 20876K, capacity 21002K, committed 21248K, reserved 1069056K
  class space    used 2413K, capacity 2475K, committed 2560K, reserved 1048576K
}
Event: 5.887 GC heap before
{Heap before GC invocations=4 (full 1):
 PSYoungGen      total 18944K, used 2535K [0x00000000eb200000, 0x00000000ed700000, 0x0000000100000000)
  eden space 16384K, 0% used [0x00000000eb200000,0x00000000eb200000,0x00000000ec200000)
  from space 2560K, 99% used [0x00000000ec200000,0x00000000ec479f58,0x00000000ec480000)
  to   space 2560K, 0% used [0x00000000ed480000,0x00000000ed480000,0x00000000ed700000)
 ParOldGen       total 44032K, used 7343K [0x00000000c1600000, 0x00000000c4100000, 0x00000000eb200000)
  object space 44032K, 16% used [0x00000000c1600000,0x00000000c1d2bda0,0x00000000c4100000)
 Metaspace       used 20876K, capacity 21002K, committed 21248K, reserved 1069056K
  class space    used 2413K, capacity 2475K, committed 2560K, reserved 1048576K
Event: 6.332 GC heap after
Heap after GC invocations=4 (full 1):
 PSYoungGen      total 18944K, used 0K [0x00000000eb200000, 0x00000000ed700000, 0x0000000100000000)
  eden space 16384K, 0% used [0x00000000eb200000,0x00000000eb200000,0x00000000ec200000)
  from space 2560K, 0% used [0x00000000ec200000,0x00000000ec200000,0x00000000ec480000)
  to   space 2560K, 0% used [0x00000000ed480000,0x00000000ed480000,0x00000000ed700000)
 ParOldGen       total 41984K, used 7858K [0x00000000c1600000, 0x00000000c3f00000, 0x00000000eb200000)
  object space 41984K, 18% used [0x00000000c1600000,0x00000000c1dacb70,0x00000000c3f00000)
 Metaspace       used 20876K, capacity 21002K, committed 21248K, reserved 1069056K
  class space    used 2413K, capacity 2475K, committed 2560K, reserved 1048576K
}

Deoptimization events (10 events):
Event: 3.984 Thread 0x0000000018a63800 Uncommon trap: reason=unstable_if action=reinterpret pc=0x0000000005128c80 method=org.hsqldb.map.HashIndex.linkNode(II)I @ 7
Event: 4.789 Thread 0x0000000018a63800 Uncommon trap: reason=unstable_if action=reinterpret pc=0x0000000005286568 method=org.hsqldb.map.BaseHashMap.addOrRemove(JJLjava/lang/Object;Ljava/lang/Object;Z)Ljava/lang/Object; @ 142
Event: 5.114 Thread 0x0000000018a63800 Uncommon trap: reason=bimorphic action=maybe_recompile pc=0x00000000052f8ef8 method=java.util.regex.Pattern$BmpCharProperty.match(Ljava/util/regex/Matcher;ILjava/lang/CharSequence;)Z @ 16
Event: 5.115 Thread 0x0000000018a63800 Uncommon trap: reason=bimorphic action=maybe_recompile pc=0x00000000052f8ef8 method=java.util.regex.Pattern$BmpCharProperty.match(Ljava/util/regex/Matcher;ILjava/lang/CharSequence;)Z @ 16
Event: 5.115 Thread 0x0000000018a63800 Uncommon trap: reason=bimorphic action=maybe_recompile pc=0x00000000052f8ef8 method=java.util.regex.Pattern$BmpCharProperty.match(Ljava/util/regex/Matcher;ILjava/lang/CharSequence;)Z @ 16
Event: 5.115 Thread 0x0000000018a63800 Uncommon trap: reason=bimorphic action=maybe_recompile pc=0x00000000052f8ef8 method=java.util.regex.Pattern$BmpCharProperty.match(Ljava/util/regex/Matcher;ILjava/lang/CharSequence;)Z @ 16
Event: 5.154 Thread 0x0000000018a63800 Uncommon trap: reason=bimorphic action=maybe_recompile pc=0x00000000052f5db4 method=java.util.regex.Pattern$5.isSatisfiedBy(I)Z @ 5
Event: 6.421 Thread 0x0000000018a63800 Uncommon trap: reason=class_check action=maybe_recompile pc=0x0000000004f4f168 method=java.lang.String.equals(Ljava/lang/Object;)Z @ 8
Event: 6.432 Thread 0x0000000018a63800 Uncommon trap: reason=class_check action=maybe_recompile pc=0x0000000004f4f168 method=java.lang.String.equals(Ljava/lang/Object;)Z @ 8
Event: 6.689 Thread 0x0000000018a63800 Uncommon trap: reason=unstable_if action=reinterpret pc=0x00000000053aeb7c method=java.awt.MultipleGradientPaintContext.indexIntoGradientsArrays(F)I @ 24

Internal exceptions (10 events):
Event: 1.258 Thread 0x0000000004bc0800 Exception <a 'java/lang/ClassNotFoundException': ToggleButton> (0x00000000eb5750c8) thrown at [C:\re\workspace\8-2-build-windows-amd64-cygwin\jdk8u111\7883\hotspot\src\share\vm\classfile\systemDictionary.cpp, line 210]
Event: 1.259 Thread 0x0000000004bc0800 Exception <a 'java/lang/ClassNotFoundException': javax/swing/JToolBarSeparator> (0x00000000eb575528) thrown at [C:\re\workspace\8-2-build-windows-amd64-cygwin\jdk8u111\7883\hotspot\src\share\vm\classfile\systemDictionary.cpp, line 210]
Event: 1.259 Thread 0x0000000004bc0800 Exception <a 'java/lang/ClassNotFoundException': ToolBarSeparator> (0x00000000eb5759c0) thrown at [C:\re\workspace\8-2-build-windows-amd64-cygwin\jdk8u111\7883\hotspot\src\share\vm\classfile\systemDictionary.cpp, line 210]
Event: 1.259 Thread 0x0000000004bc0800 Exception <a 'java/lang/ClassNotFoundException': ToolTip> (0x00000000eb576100) thrown at [C:\re\workspace\8-2-build-windows-amd64-cygwin\jdk8u111\7883\hotspot\src\share\vm\classfile\systemDictionary.cpp, line 210]
Event: 1.262 Thread 0x0000000004bc0800 Exception <a 'java/lang/ClassNotFoundException': Tree> (0x00000000eb576d20) thrown at [C:\re\workspace\8-2-build-windows-amd64-cygwin\jdk8u111\7883\hotspot\src\share\vm\classfile\systemDictionary.cpp, line 210]
Event: 1.263 Thread 0x0000000004bc0800 Exception <a 'java/lang/ClassNotFoundException': Tree> (0x00000000eb577460) thrown at [C:\re\workspace\8-2-build-windows-amd64-cygwin\jdk8u111\7883\hotspot\src\share\vm\classfile\systemDictionary.cpp, line 210]
Event: 1.263 Thread 0x0000000004bc0800 Exception <a 'java/lang/ClassNotFoundException': javax/swing/JTreeCell> (0x00000000eb5777e0) thrown at [C:\re\workspace\8-2-build-windows-amd64-cygwin\jdk8u111\7883\hotspot\src\share\vm\classfile\systemDictionary.cpp, line 210]
Event: 1.263 Thread 0x0000000004bc0800 Exception <a 'java/lang/ClassNotFoundException': TreeCell> (0x00000000eb577c68) thrown at [C:\re\workspace\8-2-build-windows-amd64-cygwin\jdk8u111\7883\hotspot\src\share\vm\classfile\systemDictionary.cpp, line 210]
Event: 1.266 Thread 0x0000000004bc0800 Exception <a 'java/lang/ClassNotFoundException': RootPane> (0x00000000eb5786c8) thrown at [C:\re\workspace\8-2-build-windows-amd64-cygwin\jdk8u111\7883\hotspot\src\share\vm\classfile\systemDictionary.cpp, line 210]
Event: 2.543 Thread 0x0000000018a63800 Exception <a 'java/lang/NoClassDefFoundError': org/apache/log4j/Category> (0x00000000eba8f828) thrown at [C:\re\workspace\8-2-build-windows-amd64-cygwin\jdk8u111\7883\hotspot\src\share\vm\classfile\systemDictionary.cpp, line 199]

Events (10 events):
Event: 6.744 loading class sun/awt/CausedFocusEvent$Cause
Event: 6.744 loading class sun/awt/CausedFocusEvent$Cause done
Event: 6.745 loading class java/awt/KeyboardFocusManager$HeavyweightFocusRequest
Event: 6.745 loading class java/awt/KeyboardFocusManager$HeavyweightFocusRequest done
Event: 6.745 loading class java/awt/DefaultKeyboardFocusManager$TypeAheadMarker
Event: 6.745 loading class java/awt/DefaultKeyboardFocusManager$TypeAheadMarker done
Event: 6.745 loading class java/awt/KeyboardFocusManager$LightweightFocusRequest
Event: 6.746 loading class java/awt/KeyboardFocusManager$LightweightFocusRequest done
Event: 6.746 loading class sun/awt/CausedFocusEvent
Event: 6.746 loading class sun/awt/CausedFocusEvent done


Dynamic libraries:
0x00007ff72e790000 - 0x00007ff72e7c7000 	C:\Program Files\Java\jdk1.8.0_111\bin\java.exe
0x00007ffd35600000 - 0x00007ffd357e0000 	C:\WINDOWS\SYSTEM32\ntdll.dll
0x00007ffd11650000 - 0x00007ffd11662000 	C:\Program Files\AVAST Software\Avast\aswhook.dll
0x00007ffd345e0000 - 0x00007ffd3468e000 	C:\WINDOWS\System32\KERNEL32.DLL
0x00007ffd32210000 - 0x00007ffd32476000 	C:\WINDOWS\System32\KERNELBASE.dll
0x00007ffd34af0000 - 0x00007ffd34b91000 	C:\WINDOWS\System32\ADVAPI32.dll
0x00007ffd32d70000 - 0x00007ffd32e0d000 	C:\WINDOWS\System32\msvcrt.dll
0x00007ffd34c20000 - 0x00007ffd34c7b000 	C:\WINDOWS\System32\sechost.dll
0x00007ffd34c90000 - 0x00007ffd34daf000 	C:\WINDOWS\System32\RPCRT4.dll
0x00007ffd34f70000 - 0x00007ffd350ff000 	C:\WINDOWS\System32\USER32.dll
0x00007ffd321f0000 - 0x00007ffd32210000 	C:\WINDOWS\System32\win32u.dll
0x00007ffd32b00000 - 0x00007ffd32b28000 	C:\WINDOWS\System32\GDI32.dll
0x00007ffd32580000 - 0x00007ffd32713000 	C:\WINDOWS\System32\gdi32full.dll
0x00007ffd32150000 - 0x00007ffd321eb000 	C:\WINDOWS\System32\msvcp_win.dll
0x00007ffd32480000 - 0x00007ffd32576000 	C:\WINDOWS\System32\ucrtbase.dll
0x00007ffd20b90000 - 0x00007ffd20df9000 	C:\WINDOWS\WinSxS\amd64_microsoft.windows.common-controls_6595b64144ccf1df_6.0.16299.431_none_15c7d3ee93659e73\COMCTL32.dll
0x00007ffd347e0000 - 0x00007ffd34ae8000 	C:\WINDOWS\System32\combase.dll
0x00007ffd32940000 - 0x00007ffd329b2000 	C:\WINDOWS\System32\bcryptPrimitives.dll
0x00007ffd32ad0000 - 0x00007ffd32afd000 	C:\WINDOWS\System32\IMM32.DLL
0x0000000061660000 - 0x0000000061732000 	C:\Program Files\Java\jdk1.8.0_111\jre\bin\msvcr100.dll
0x0000000061740000 - 0x0000000061fda000 	C:\Program Files\Java\jdk1.8.0_111\jre\bin\server\jvm.dll
0x00007ffd34560000 - 0x00007ffd34568000 	C:\WINDOWS\System32\PSAPI.DLL
0x00007ffd30750000 - 0x00007ffd30759000 	C:\WINDOWS\SYSTEM32\WSOCK32.dll
0x00007ffd34570000 - 0x00007ffd345dc000 	C:\WINDOWS\System32\WS2_32.dll
0x00007ffd2fa10000 - 0x00007ffd2fa33000 	C:\WINDOWS\SYSTEM32\WINMM.dll
0x00007ffd25080000 - 0x00007ffd2508a000 	C:\WINDOWS\SYSTEM32\VERSION.dll
0x00007ffd2f9e0000 - 0x00007ffd2fa0a000 	C:\WINDOWS\SYSTEM32\WINMMBASE.dll
0x00007ffd32720000 - 0x00007ffd3276a000 	C:\WINDOWS\System32\cfgmgr32.dll
0x0000000061610000 - 0x000000006161f000 	C:\Program Files\Java\jdk1.8.0_111\jre\bin\verify.dll
0x00000000615e0000 - 0x0000000061609000 	C:\Program Files\Java\jdk1.8.0_111\jre\bin\java.dll
0x00000000615c0000 - 0x00000000615d6000 	C:\Program Files\Java\jdk1.8.0_111\jre\bin\zip.dll
0x00007ffd33050000 - 0x00007ffd34488000 	C:\WINDOWS\System32\SHELL32.dll
0x00007ffd34db0000 - 0x00007ffd34e56000 	C:\WINDOWS\System32\shcore.dll
0x00007ffd31a00000 - 0x00007ffd32147000 	C:\WINDOWS\System32\windows.storage.dll
0x00007ffd35100000 - 0x00007ffd35151000 	C:\WINDOWS\System32\shlwapi.dll
0x00007ffd31970000 - 0x00007ffd31981000 	C:\WINDOWS\System32\kernel.appcore.dll
0x00007ffd319b0000 - 0x00007ffd319fc000 	C:\WINDOWS\System32\powrprof.dll
0x00007ffd31950000 - 0x00007ffd3196b000 	C:\WINDOWS\System32\profapi.dll
0x00000000613e0000 - 0x0000000061578000 	C:\Program Files\Java\jdk1.8.0_111\jre\bin\awt.dll
0x00007ffd34490000 - 0x00007ffd34555000 	C:\WINDOWS\System32\OLEAUT32.dll
0x00007ffd2fb30000 - 0x00007ffd2fbb8000 	C:\WINDOWS\SYSTEM32\apphelp.dll
0x00007ffd2fce0000 - 0x00007ffd2fd75000 	C:\WINDOWS\system32\uxtheme.dll
0x00007ffd32e10000 - 0x00007ffd32f77000 	C:\WINDOWS\System32\MSCTF.dll
0x00007ffd2fe50000 - 0x00007ffd2fe7a000 	C:\WINDOWS\system32\dwmapi.dll
0x00007ffd34690000 - 0x00007ffd347d9000 	C:\WINDOWS\System32\ole32.dll
0x0000000061390000 - 0x00000000613d7000 	C:\Program Files\Java\jdk1.8.0_111\jre\bin\fontmanager.dll
0x00007ffceaae0000 - 0x00007ffceac75000 	C:\WINDOWS\system32\d3d9.dll
0x00007ffcea370000 - 0x00007ffceaadc000 	C:\WINDOWS\SYSTEM32\d3d10warp.dll
0x00007ffd31880000 - 0x00007ffd318a9000 	C:\WINDOWS\SYSTEM32\USERENV.dll
0x00000000615a0000 - 0x00000000615ba000 	C:\Program Files\Java\jdk1.8.0_111\jre\bin\net.dll
0x00007ffd31180000 - 0x00007ffd311e6000 	C:\WINDOWS\system32\mswsock.dll
0x0000000061580000 - 0x0000000061591000 	C:\Program Files\Java\jdk1.8.0_111\jre\bin\nio.dll
0x0000000061340000 - 0x0000000061382000 	C:\Program Files\Java\jdk1.8.0_111\jre\bin\t2k.dll
0x00007ffd31340000 - 0x00007ffd31357000 	C:\WINDOWS\SYSTEM32\CRYPTSP.dll
0x00007ffd30d80000 - 0x00007ffd30db3000 	C:\WINDOWS\system32\rsaenh.dll
0x00007ffd31450000 - 0x00007ffd31475000 	C:\WINDOWS\SYSTEM32\bcrypt.dll
0x00007ffd31360000 - 0x00007ffd3136b000 	C:\WINDOWS\SYSTEM32\CRYPTBASE.dll
0x00007ffd30f10000 - 0x00007ffd30f49000 	C:\WINDOWS\SYSTEM32\IPHLPAPI.DLL
0x00007ffd32fe0000 - 0x00007ffd32fe8000 	C:\WINDOWS\System32\NSI.dll
0x00007ffd282f0000 - 0x00007ffd28306000 	C:\WINDOWS\SYSTEM32\dhcpcsvc6.DLL
0x00007ffd29670000 - 0x00007ffd2968a000 	C:\WINDOWS\SYSTEM32\dhcpcsvc.DLL
0x00007ffd32cd0000 - 0x00007ffd32d6e000 	C:\WINDOWS\System32\clbcatq.dll
0x00007ffd2d900000 - 0x00007ffd2daab000 	C:\WINDOWS\SYSTEM32\WindowsCodecs.dll
0x00007ffd1e430000 - 0x00007ffd1e4c8000 	C:\WINDOWS\System32\TextInputFramework.dll
0x00007ffd2d440000 - 0x00007ffd2d72e000 	C:\WINDOWS\System32\CoreUIComponents.dll
0x00007ffd2ebc0000 - 0x00007ffd2ec9c000 	C:\WINDOWS\System32\CoreMessaging.dll
0x00007ffd30a80000 - 0x00007ffd30ab1000 	C:\WINDOWS\SYSTEM32\ntmarta.dll
0x00007ffd2d300000 - 0x00007ffd2d436000 	C:\WINDOWS\SYSTEM32\wintypes.dll
0x0000000061300000 - 0x000000006132a000 	C:\Program Files\Java\jdk1.8.0_111\jre\bin\dcpr.dll

VM Arguments:
jvm_args: -Dfile.encoding=UTF-8 
java_command: guillermoespinal_lab8.Vista
java_class_path (initial): C:\Users\admin\Desktop\Lab8_GuillermoEspinal\UCanAccess-3.0.1-bin\ucanaccess-3.0.1.jar;C:\Users\admin\Desktop\Lab8_GuillermoEspinal\UCanAccess-3.0.1-bin\lib\commons-lang-2.6.jar;C:\Users\admin\Desktop\Lab8_GuillermoEspinal\UCanAccess-3.0.1-bin\lib\commons-logging-1.1.1.jar;C:\Users\admin\Desktop\Lab8_GuillermoEspinal\UCanAccess-3.0.1-bin\lib\hsqldb.jar;C:\Users\admin\Desktop\Lab8_GuillermoEspinal\UCanAccess-3.0.1-bin\lib\jackcess-2.1.2.jar;C:\Users\admin\Desktop\Lab8_GuillermoEspinal\GuillermoEspinal_lab8\build\classes
Launcher Type: SUN_STANDARD

Environment Variables:
PATH=C:\Program Files (x86)\Intel\TXE Components\TCS\;C:\Program Files\Intel\TXE Components\TCS\;C:\WINDOWS\system32;C:\WINDOWS;C:\WINDOWS\System32\Wbem;C:\WINDOWS\System32\WindowsPowerShell\v1.0\;C:\Program Files\Intel\TXE Components\DAL\;C:\Program Files (x86)\Intel\TXE Components\DAL\;C:\Program Files\Intel\TXE Components\IPT\;C:\Program Files (x86)\Intel\TXE Components\IPT\;C:\Program Files\Intel\WiFi\bin\;C:\Program Files\Common Files\Intel\WirelessCommon\;C:\Program Files\Git\cmd;C:\Users\admin\AppData\Local\Microsoft\WindowsApps
USERNAME=admin
OS=Windows_NT
PROCESSOR_IDENTIFIER=Intel64 Family 6 Model 76 Stepping 4, GenuineIntel



---------------  S Y S T E M  ---------------

OS: Windows 10.0 , 64 bit Build 16299 (10.0.16299.431)

CPU:total 2 (2 cores per cpu, 1 threads per core) family 6 model 76 stepping 4, cmov, cx8, fxsr, mmx, sse, sse2, sse3, ssse3, sse4.1, sse4.2, popcnt, aes, clmul, erms, 3dnowpref, tsc, tscinvbit

Memory: 4k page, physical 4097616k(428620k free), swap 4766896k(2364k free)

vm_info: Java HotSpot(TM) 64-Bit Server VM (25.111-b14) for windows-amd64 JRE (1.8.0_111-b14), built on Sep 22 2016 19:24:05 by "java_re" with MS VC++ 10.0 (VS2010)

time: Fri Dec 06 17:16:58 2019
elapsed time: 6 seconds (0d 0h 0m 6s)

